<?xml version="1.0" encoding="UTF-8"?>
<!-- Generated by org.testng.reporters.JUnitReportReporter -->
<testsuite hostname="DESKTOP-A0VOTMT" failures="0" tests="1" name="Tests.Test1" time="17.529" errors="0" timestamp="2024-06-20T18:40:43 IST" skipped="0">
  <testcase classname="Tests.Test1" name="testHello" time="17.529"/>
</testsuite> <!-- Tests.Test1 -->
